<?xml version="1.0" encoding="UTF-8"?>
<!-- Generated by org.testng.reporters.JUnitReportReporter -->
<testsuite hostname="SYED-PC" failures="0" tests="1" name="com.webappsecurity.zero.testScripts.verifyFundTransferTest" time="7.641" errors="0" timestamp="2021-07-18T21:45:05 EDT" skipped="0">
  <testcase classname="com.webappsecurity.zero.testScripts.verifyFundTransferTest" name="verifyFundTransfer" time="7.641"/>
  <system-out/>
</testsuite> <!-- com.webappsecurity.zero.testScripts.verifyFundTransferTest -->
