<?xml version="1.0" encoding="UTF-8"?>
<!-- Generated by org.testng.reporters.JUnitReportReporter -->
<testsuite hostname="SYED-PC" failures="0" tests="1" name="dataDrivenTestScripts.VerifyFundsTransferTest" time="12.189" errors="0" timestamp="2021-07-18T21:47:35 EDT" skipped="0">
  <testcase classname="dataDrivenTestScripts.VerifyFundsTransferTest" name="VerifyFundsTransfer" time="12.189"/>
  <system-out/>
</testsuite> <!-- dataDrivenTestScripts.VerifyFundsTransferTest -->
